	.file	"main.c"
	.text
.Ltext0:
	.section	.text.user_init,"ax",@progbits
	.literal_position
	.literal .LC0, 1610614840
	.literal .LC1, 200000
	.align	4
	.global	user_init
	.type	user_init, @function
user_init:
.LFB0:
	.file 1 "main.c"
	.loc 1 25 0
.LVL0:
	addi	sp, sp, -32
.LCFI0:
	s32i.n	a0, sp, 28
	s32i.n	a12, sp, 24
	s32i.n	a13, sp, 20
	s32i.n	a14, sp, 16
	s32i.n	a15, sp, 12
	.loc 1 27 0
	call0	ets_wdt_enable
.LVL1:
	.loc 1 28 0
	call0	ets_wdt_disable
.LVL2:
	.loc 1 31 0
	l32r	a2, .LC0
	movi	a3, -0x131
	memw
	l32i.n	a4, a2, 0
	.loc 1 26 0
	movi.n	a12, 0
	.loc 1 31 0
	and	a3, a4, a3
	memw
	s32i.n	a3, a2, 0
	memw
	l32i.n	a3, a2, 0
	l32r	a15, .LC1
	memw
	s32i.n	a3, a2, 0
.LBB2:
	.loc 1 34 0
	mov.n	a14, a12
	movi.n	a13, 4
.LVL3:
.L3:
	mov.n	a3, a13
	movnez	a3, a14, a12
	movi.n	a4, 4
	movi.n	a5, 0
	slli	a2, a12, 2
	call0	gpio_output_set
.LVL4:
	.loc 1 35 0
	mov.n	a2, a15
	call0	ets_delay_us
.LVL5:
	.loc 1 36 0
	movi.n	a2, 1
	xor	a12, a12, a2
.LVL6:
	.loc 1 37 0
	call0	wdt_feed
.LVL7:
.LBE2:
	.loc 1 38 0
	j	.L3
.LFE0:
	.size	user_init, .-user_init
	.weak	bmptk_version
	.section	.rodata.bmptk_version,"a",@progbits
	.align	4
	.type	bmptk_version, @object
	.size	bmptk_version, 14
bmptk_version:
	.string	"BMPTK_VERSION"
	.section	.debug_frame,"",@progbits
.Lframe0:
	.4byte	.LECIE0-.LSCIE0
.LSCIE0:
	.4byte	0xffffffff
	.byte	0x3
	.string	""
	.uleb128 0x1
	.sleb128 -4
	.uleb128 0
	.byte	0xc
	.uleb128 0x1
	.uleb128 0
	.align	4
.LECIE0:
.LSFDE0:
	.4byte	.LEFDE0-.LASFDE0
.LASFDE0:
	.4byte	.Lframe0
	.4byte	.LFB0
	.4byte	.LFE0-.LFB0
	.byte	0x4
	.4byte	.LCFI0-.LFB0
	.byte	0xe
	.uleb128 0x20
	.align	4
.LEFDE0:
	.text
.Letext0:
	.file 2 "C:/Espressif/ESP8266_SDK/include/c_types.h"
	.file 3 "C:/Espressif/ESP8266_SDK/include/gpio.h"
	.file 4 "../../../../bmptk.h"
	.section	.debug_info,"",@progbits
.Ldebug_info0:
	.4byte	0x1b7
	.2byte	0x4
	.4byte	.Ldebug_abbrev0
	.byte	0x4
	.uleb128 0x1
	.4byte	.LASF21
	.byte	0x1
	.4byte	.LASF22
	.4byte	.LASF23
	.4byte	.Ldebug_ranges0+0
	.4byte	0
	.4byte	.Ldebug_line0
	.uleb128 0x2
	.4byte	.LASF4
	.byte	0x2
	.byte	0x9
	.4byte	0x30
	.uleb128 0x3
	.byte	0x1
	.byte	0x8
	.4byte	.LASF0
	.uleb128 0x3
	.byte	0x1
	.byte	0x6
	.4byte	.LASF1
	.uleb128 0x3
	.byte	0x2
	.byte	0x7
	.4byte	.LASF2
	.uleb128 0x3
	.byte	0x2
	.byte	0x5
	.4byte	.LASF3
	.uleb128 0x2
	.4byte	.LASF5
	.byte	0x2
	.byte	0xf
	.4byte	0x57
	.uleb128 0x3
	.byte	0x4
	.byte	0x7
	.4byte	.LASF6
	.uleb128 0x3
	.byte	0x4
	.byte	0x5
	.4byte	.LASF7
	.uleb128 0x3
	.byte	0x8
	.byte	0x5
	.4byte	.LASF8
	.uleb128 0x3
	.byte	0x8
	.byte	0x7
	.4byte	.LASF9
	.uleb128 0x3
	.byte	0x4
	.byte	0x4
	.4byte	.LASF10
	.uleb128 0x3
	.byte	0x8
	.byte	0x4
	.4byte	.LASF11
	.uleb128 0x2
	.4byte	.LASF12
	.byte	0x2
	.byte	0x21
	.4byte	0x8c
	.uleb128 0x3
	.byte	0x4
	.byte	0x7
	.4byte	.LASF13
	.uleb128 0x4
	.byte	0x4
	.byte	0x5
	.string	"int"
	.uleb128 0x3
	.byte	0x4
	.byte	0x7
	.4byte	.LASF14
	.uleb128 0x3
	.byte	0x1
	.byte	0x8
	.4byte	.LASF15
	.uleb128 0x5
	.4byte	.LASF24
	.byte	0x1
	.byte	0x19
	.4byte	.LFB0
	.4byte	.LFE0-.LFB0
	.uleb128 0x1
	.byte	0x9c
	.4byte	0x14e
	.uleb128 0x6
	.4byte	.LASF25
	.byte	0x1
	.byte	0x1a
	.4byte	0x25
	.4byte	.LLST0
	.uleb128 0x7
	.4byte	.LBB2
	.4byte	.LBE2-.LBB2
	.4byte	0x13b
	.uleb128 0x8
	.4byte	.LASF16
	.byte	0x1
	.byte	0x23
	.4byte	0x93
	.4byte	0xea
	.uleb128 0x9
	.byte	0
	.uleb128 0xa
	.4byte	.LVL4
	.4byte	0x174
	.4byte	0x11d
	.uleb128 0xb
	.uleb128 0x1
	.byte	0x55
	.uleb128 0x2
	.byte	0x7e
	.sleb128 0
	.uleb128 0xb
	.uleb128 0x1
	.byte	0x54
	.uleb128 0x2
	.byte	0x7d
	.sleb128 0
	.uleb128 0xb
	.uleb128 0x1
	.byte	0x53
	.uleb128 0xd
	.byte	0x7e
	.sleb128 0
	.byte	0x7d
	.sleb128 0
	.byte	0x7c
	.sleb128 0
	.byte	0x30
	.byte	0x2e
	.byte	0x28
	.2byte	0x1
	.byte	0x16
	.byte	0x13
	.uleb128 0xb
	.uleb128 0x1
	.byte	0x52
	.uleb128 0x4
	.byte	0x7c
	.sleb128 0
	.byte	0x32
	.byte	0x24
	.byte	0
	.uleb128 0xa
	.4byte	.LVL5
	.4byte	0x194
	.4byte	0x131
	.uleb128 0xb
	.uleb128 0x1
	.byte	0x52
	.uleb128 0x2
	.byte	0x7f
	.sleb128 0
	.byte	0
	.uleb128 0xc
	.4byte	.LVL7
	.4byte	0x1a5
	.byte	0
	.uleb128 0xc
	.4byte	.LVL1
	.4byte	0x1ac
	.uleb128 0xc
	.4byte	.LVL2
	.4byte	0x1b3
	.byte	0
	.uleb128 0xd
	.4byte	0xa1
	.4byte	0x15e
	.uleb128 0xe
	.4byte	0x9a
	.byte	0xd
	.byte	0
	.uleb128 0xf
	.4byte	.LASF26
	.byte	0x4
	.byte	0x21
	.4byte	0x16f
	.uleb128 0x5
	.byte	0x3
	.4byte	bmptk_version
	.uleb128 0x10
	.4byte	0x14e
	.uleb128 0x11
	.4byte	.LASF17
	.byte	0x3
	.byte	0x33
	.4byte	0x194
	.uleb128 0x12
	.4byte	0x81
	.uleb128 0x12
	.4byte	0x81
	.uleb128 0x12
	.4byte	0x81
	.uleb128 0x12
	.4byte	0x81
	.byte	0
	.uleb128 0x8
	.4byte	.LASF16
	.byte	0x1
	.byte	0x23
	.4byte	0x93
	.4byte	0x1a5
	.uleb128 0x9
	.byte	0
	.uleb128 0x13
	.4byte	.LASF18
	.byte	0x1
	.byte	0x17
	.uleb128 0x13
	.4byte	.LASF19
	.byte	0x1
	.byte	0x15
	.uleb128 0x13
	.4byte	.LASF20
	.byte	0x1
	.byte	0x16
	.byte	0
	.section	.debug_abbrev,"",@progbits
.Ldebug_abbrev0:
	.uleb128 0x1
	.uleb128 0x11
	.byte	0x1
	.uleb128 0x25
	.uleb128 0xe
	.uleb128 0x13
	.uleb128 0xb
	.uleb128 0x3
	.uleb128 0xe
	.uleb128 0x1b
	.uleb128 0xe
	.uleb128 0x55
	.uleb128 0x17
	.uleb128 0x11
	.uleb128 0x1
	.uleb128 0x10
	.uleb128 0x17
	.byte	0
	.byte	0
	.uleb128 0x2
	.uleb128 0x16
	.byte	0
	.uleb128 0x3
	.uleb128 0xe
	.uleb128 0x3a
	.uleb128 0xb
	.uleb128 0x3b
	.uleb128 0xb
	.uleb128 0x49
	.uleb128 0x13
	.byte	0
	.byte	0
	.uleb128 0x3
	.uleb128 0x24
	.byte	0
	.uleb128 0xb
	.uleb128 0xb
	.uleb128 0x3e
	.uleb128 0xb
	.uleb128 0x3
	.uleb128 0xe
	.byte	0
	.byte	0
	.uleb128 0x4
	.uleb128 0x24
	.byte	0
	.uleb128 0xb
	.uleb128 0xb
	.uleb128 0x3e
	.uleb128 0xb
	.uleb128 0x3
	.uleb128 0x8
	.byte	0
	.byte	0
	.uleb128 0x5
	.uleb128 0x2e
	.byte	0x1
	.uleb128 0x3f
	.uleb128 0x19
	.uleb128 0x3
	.uleb128 0xe
	.uleb128 0x3a
	.uleb128 0xb
	.uleb128 0x3b
	.uleb128 0xb
	.uleb128 0x27
	.uleb128 0x19
	.uleb128 0x11
	.uleb128 0x1
	.uleb128 0x12
	.uleb128 0x6
	.uleb128 0x40
	.uleb128 0x18
	.uleb128 0x2117
	.uleb128 0x19
	.uleb128 0x1
	.uleb128 0x13
	.byte	0
	.byte	0
	.uleb128 0x6
	.uleb128 0x34
	.byte	0
	.uleb128 0x3
	.uleb128 0xe
	.uleb128 0x3a
	.uleb128 0xb
	.uleb128 0x3b
	.uleb128 0xb
	.uleb128 0x49
	.uleb128 0x13
	.uleb128 0x2
	.uleb128 0x17
	.byte	0
	.byte	0
	.uleb128 0x7
	.uleb128 0xb
	.byte	0x1
	.uleb128 0x11
	.uleb128 0x1
	.uleb128 0x12
	.uleb128 0x6
	.uleb128 0x1
	.uleb128 0x13
	.byte	0
	.byte	0
	.uleb128 0x8
	.uleb128 0x2e
	.byte	0x1
	.uleb128 0x3f
	.uleb128 0x19
	.uleb128 0x3
	.uleb128 0xe
	.uleb128 0x3a
	.uleb128 0xb
	.uleb128 0x3b
	.uleb128 0xb
	.uleb128 0x49
	.uleb128 0x13
	.uleb128 0x3c
	.uleb128 0x19
	.uleb128 0x1
	.uleb128 0x13
	.byte	0
	.byte	0
	.uleb128 0x9
	.uleb128 0x18
	.byte	0
	.byte	0
	.byte	0
	.uleb128 0xa
	.uleb128 0x4109
	.byte	0x1
	.uleb128 0x11
	.uleb128 0x1
	.uleb128 0x31
	.uleb128 0x13
	.uleb128 0x1
	.uleb128 0x13
	.byte	0
	.byte	0
	.uleb128 0xb
	.uleb128 0x410a
	.byte	0
	.uleb128 0x2
	.uleb128 0x18
	.uleb128 0x2111
	.uleb128 0x18
	.byte	0
	.byte	0
	.uleb128 0xc
	.uleb128 0x4109
	.byte	0
	.uleb128 0x11
	.uleb128 0x1
	.uleb128 0x31
	.uleb128 0x13
	.byte	0
	.byte	0
	.uleb128 0xd
	.uleb128 0x1
	.byte	0x1
	.uleb128 0x49
	.uleb128 0x13
	.uleb128 0x1
	.uleb128 0x13
	.byte	0
	.byte	0
	.uleb128 0xe
	.uleb128 0x21
	.byte	0
	.uleb128 0x49
	.uleb128 0x13
	.uleb128 0x2f
	.uleb128 0xb
	.byte	0
	.byte	0
	.uleb128 0xf
	.uleb128 0x34
	.byte	0
	.uleb128 0x3
	.uleb128 0xe
	.uleb128 0x3a
	.uleb128 0xb
	.uleb128 0x3b
	.uleb128 0xb
	.uleb128 0x49
	.uleb128 0x13
	.uleb128 0x3f
	.uleb128 0x19
	.uleb128 0x2
	.uleb128 0x18
	.byte	0
	.byte	0
	.uleb128 0x10
	.uleb128 0x26
	.byte	0
	.uleb128 0x49
	.uleb128 0x13
	.byte	0
	.byte	0
	.uleb128 0x11
	.uleb128 0x2e
	.byte	0x1
	.uleb128 0x3f
	.uleb128 0x19
	.uleb128 0x3
	.uleb128 0xe
	.uleb128 0x3a
	.uleb128 0xb
	.uleb128 0x3b
	.uleb128 0xb
	.uleb128 0x27
	.uleb128 0x19
	.uleb128 0x3c
	.uleb128 0x19
	.uleb128 0x1
	.uleb128 0x13
	.byte	0
	.byte	0
	.uleb128 0x12
	.uleb128 0x5
	.byte	0
	.uleb128 0x49
	.uleb128 0x13
	.byte	0
	.byte	0
	.uleb128 0x13
	.uleb128 0x2e
	.byte	0
	.uleb128 0x3f
	.uleb128 0x19
	.uleb128 0x3
	.uleb128 0xe
	.uleb128 0x3a
	.uleb128 0xb
	.uleb128 0x3b
	.uleb128 0xb
	.uleb128 0x27
	.uleb128 0x19
	.uleb128 0x3c
	.uleb128 0x19
	.byte	0
	.byte	0
	.byte	0
	.section	.debug_loc,"",@progbits
.Ldebug_loc0:
.LLST0:
	.4byte	.LVL0
	.4byte	.LVL3
	.2byte	0x2
	.byte	0x30
	.byte	0x9f
	.4byte	.LVL3
	.4byte	.LFE0
	.2byte	0x1
	.byte	0x5c
	.4byte	0
	.4byte	0
	.section	.debug_aranges,"",@progbits
	.4byte	0x1c
	.2byte	0x2
	.4byte	.Ldebug_info0
	.byte	0x4
	.byte	0
	.2byte	0
	.2byte	0
	.4byte	.LFB0
	.4byte	.LFE0-.LFB0
	.4byte	0
	.4byte	0
	.section	.debug_ranges,"",@progbits
.Ldebug_ranges0:
	.4byte	.LFB0
	.4byte	.LFE0
	.4byte	0
	.4byte	0
	.section	.debug_line,"",@progbits
.Ldebug_line0:
	.section	.debug_str,"MS",@progbits,1
.LASF8:
	.string	"long long int"
.LASF12:
	.string	"uint32"
.LASF17:
	.string	"gpio_output_set"
.LASF13:
	.string	"unsigned int"
.LASF5:
	.string	"uint32_t"
.LASF22:
	.string	"main.c"
.LASF20:
	.string	"ets_wdt_disable"
.LASF21:
	.string	"GNU C 4.8.2 -mlongcalls -mtext-section-literals -g -Os -Os -O2 -fdata-sections -ffunction-sections -fno-inline-functions"
.LASF6:
	.string	"long unsigned int"
.LASF16:
	.string	"ets_delay_us"
.LASF9:
	.string	"long long unsigned int"
.LASF23:
	.string	"F:\\__git_bmptk\\bmptk\\bmptk\\examples\\boards\\esp8266\\blink"
.LASF18:
	.string	"wdt_feed"
.LASF4:
	.string	"uint8_t"
.LASF0:
	.string	"unsigned char"
.LASF15:
	.string	"char"
.LASF19:
	.string	"ets_wdt_enable"
.LASF7:
	.string	"long int"
.LASF11:
	.string	"double"
.LASF2:
	.string	"short unsigned int"
.LASF1:
	.string	"signed char"
.LASF25:
	.string	"state"
.LASF26:
	.string	"bmptk_version"
.LASF10:
	.string	"float"
.LASF3:
	.string	"short int"
.LASF14:
	.string	"sizetype"
.LASF24:
	.string	"user_init"
	.ident	"GCC: (GNU) 4.8.2"
